# JRE version: OpenJDK Runtime Environment (17.0.11) (build 17.0.11+0--11852314)
# Java VM: OpenJDK 64-Bit Server VM (17.0.11+0--11852314, mixed mode, tiered, compressed oops, compressed class ptrs, g1 gc, windows-amd64)
GC Precious Log:
 CPUs: 12 total, 12 available
 Memory: 15693M
 Large Page Support: Disabled
 NUMA Support: Disabled
 Compressed Oops: Enabled (32-bit)
 Heap Region Size: 1M
 Heap Min Capacity: 8M
 Heap Initial Capacity: 246M
 Heap Max Capacity: 2G
 Pre-touch: Disabled
 Parallel Workers: 10
 Concurrent Workers: 3
 Concurrent Refinement Workers: 10
 Periodic GC: Disabled
Heap:
 garbage-first heap   total 268288K, used 168040K [0x0000000080000000, 0x0000000100000000)
  region size 1024K, 49 young (50176K), 3 survivors (3072K)
 Metaspace       used 129126K, committed 129792K, reserved 1179648K
  class space    used 16787K, committed 17088K, reserved 1048576K
GC Heap History (20 events):
Event: 15.553 GC heap before
{Heap before GC invocations=29 (full 0):
 garbage-first heap   total 165888K, used 132603K [0x0000000080000000, 0x0000000100000000)
  region size 1024K, 34 young (34816K), 1 survivors (1024K)
 Metaspace       used 92989K, committed 93568K, reserved 1179648K
  class space    used 12635K, committed 12864K, reserved 1048576K
}
Event: 15.555 GC heap after
{Heap after GC invocations=30 (full 0):
 garbage-first heap   total 165888K, used 99864K [0x0000000080000000, 0x0000000100000000)
  region size 1024K, 2 young (2048K), 2 survivors (2048K)
 Metaspace       used 92989K, committed 93568K, reserved 1179648K
  class space    used 12635K, committed 12864K, reserved 1048576K
}
Event: 16.247 GC heap before
{Heap before GC invocations=31 (full 0):
 garbage-first heap   total 174080K, used 134680K [0x0000000080000000, 0x0000000100000000)
  region size 1024K, 36 young (36864K), 2 survivors (2048K)
 Metaspace       used 97130K, committed 97728K, reserved 1179648K
  class space    used 13162K, committed 13440K, reserved 1048576K
}
Event: 16.250 GC heap after
{Heap after GC invocations=32 (full 0):
 garbage-first heap   total 174080K, used 101468K [0x0000000080000000, 0x0000000100000000)
  region size 1024K, 4 young (4096K), 4 survivors (4096K)
 Metaspace       used 97130K, committed 97728K, reserved 1179648K
  class space    used 13162K, committed 13440K, reserved 1048576K
}
Event: 16.329 GC heap before
{Heap before GC invocations=32 (full 0):
 garbage-first heap   total 174080K, used 104540K [0x0000000080000000, 0x0000000100000000)
  region size 1024K, 8 young (8192K), 4 survivors (4096K)
 Metaspace       used 97634K, committed 98240K, reserved 1179648K
  class space    used 13222K, committed 13504K, reserved 1048576K
}
Event: 16.332 GC heap after
{Heap after GC invocations=33 (full 0):
 garbage-first heap   total 174080K, used 101738K [0x0000000080000000, 0x0000000100000000)
  region size 1024K, 1 young (1024K), 1 survivors (1024K)
 Metaspace       used 97634K, committed 98240K, reserved 1179648K
  class space    used 13222K, committed 13504K, reserved 1048576K
}
Event: 17.033 GC heap before
{Heap before GC invocations=33 (full 0):
 garbage-first heap   total 174080K, used 138602K [0x0000000080000000, 0x0000000100000000)
  region size 1024K, 38 young (38912K), 1 survivors (1024K)
 Metaspace       used 102235K, committed 102912K, reserved 1179648K
  class space    used 13803K, committed 14144K, reserved 1048576K
}
Event: 17.037 GC heap after
{Heap after GC invocations=34 (full 0):
 garbage-first heap   total 174080K, used 103569K [0x0000000080000000, 0x0000000100000000)
  region size 1024K, 3 young (3072K), 3 survivors (3072K)
 Metaspace       used 102235K, committed 102912K, reserved 1179648K
  class space    used 13803K, committed 14144K, reserved 1048576K
}
Event: 17.323 GC heap before
{Heap before GC invocations=35 (full 0):
 garbage-first heap   total 198656K, used 145553K [0x0000000080000000, 0x0000000100000000)
  region size 1024K, 43 young (44032K), 3 survivors (3072K)
 Metaspace       used 102409K, committed 103040K, reserved 1179648K
  class space    used 13808K, committed 14144K, reserved 1048576K
}
Event: 17.327 GC heap after
{Heap after GC invocations=36 (full 0):
 garbage-first heap   total 198656K, used 105947K [0x0000000080000000, 0x0000000100000000)
  region size 1024K, 5 young (5120K), 5 survivors (5120K)
 Metaspace       used 102409K, committed 103040K, reserved 1179648K
  class space    used 13808K, committed 14144K, reserved 1048576K
}
Event: 17.420 GC heap before
{Heap before GC invocations=36 (full 0):
 garbage-first heap   total 198656K, used 110043K [0x0000000080000000, 0x0000000100000000)
  region size 1024K, 9 young (9216K), 5 survivors (5120K)
 Metaspace       used 102829K, committed 103424K, reserved 1179648K
  class space    used 13862K, committed 14144K, reserved 1048576K
}
Event: 17.424 GC heap after
{Heap after GC invocations=37 (full 0):
 garbage-first heap   total 198656K, used 106098K [0x0000000080000000, 0x0000000100000000)
  region size 1024K, 1 young (1024K), 1 survivors (1024K)
 Metaspace       used 102829K, committed 103424K, reserved 1179648K
  class space    used 13862K, committed 14144K, reserved 1048576K
}
Event: 18.542 GC heap before
{Heap before GC invocations=37 (full 0):
 garbage-first heap   total 198656K, used 162418K [0x0000000080000000, 0x0000000100000000)
  region size 1024K, 56 young (57344K), 1 survivors (1024K)
 Metaspace       used 108947K, committed 109632K, reserved 1179648K
  class space    used 14505K, committed 14848K, reserved 1048576K
}
Event: 18.548 GC heap after
{Heap after GC invocations=38 (full 0):
 garbage-first heap   total 268288K, used 109210K [0x0000000080000000, 0x0000000100000000)
  region size 1024K, 4 young (4096K), 4 survivors (4096K)
 Metaspace       used 108947K, committed 109632K, reserved 1179648K
  class space    used 14505K, committed 14848K, reserved 1048576K
}
Event: 20.768 GC heap before
{Heap before GC invocations=39 (full 0):
 garbage-first heap   total 268288K, used 215706K [0x0000000080000000, 0x0000000100000000)
  region size 1024K, 106 young (108544K), 4 survivors (4096K)
 Metaspace       used 123498K, committed 124160K, reserved 1179648K
  class space    used 16111K, committed 16448K, reserved 1048576K
}
Event: 20.774 GC heap after
{Heap after GC invocations=40 (full 0):
 garbage-first heap   total 268288K, used 116497K [0x0000000080000000, 0x0000000100000000)
  region size 1024K, 8 young (8192K), 8 survivors (8192K)
 Metaspace       used 123498K, committed 124160K, reserved 1179648K
  class space    used 16111K, committed 16448K, reserved 1048576K
}
Event: 20.856 GC heap before
{Heap before GC invocations=40 (full 0):
 garbage-first heap   total 268288K, used 123665K [0x0000000080000000, 0x0000000100000000)
  region size 1024K, 13 young (13312K), 8 survivors (8192K)
 Metaspace       used 123565K, committed 124224K, reserved 1179648K
  class space    used 16118K, committed 16448K, reserved 1048576K
}
Event: 20.862 GC heap after
{Heap after GC invocations=41 (full 0):
 garbage-first heap   total 268288K, used 120381K [0x0000000080000000, 0x0000000100000000)
  region size 1024K, 2 young (2048K), 2 survivors (2048K)
 Metaspace       used 123565K, committed 124224K, reserved 1179648K
  class space    used 16118K, committed 16448K, reserved 1048576K
}
Event: 21.226 GC heap before
{Heap before GC invocations=41 (full 0):
 garbage-first heap   total 268288K, used 135741K [0x0000000080000000, 0x0000000100000000)
  region size 1024K, 18 young (18432K), 2 survivors (2048K)
 Metaspace       used 124729K, committed 125376K, reserved 1179648K
  class space    used 16269K, committed 16576K, reserved 1048576K
}
Event: 21.229 GC heap after
{Heap after GC invocations=42 (full 0):
 garbage-first heap   total 268288K, used 120936K [0x0000000080000000, 0x0000000100000000)
  region size 1024K, 3 young (3072K), 3 survivors (3072K)
 Metaspace       used 124729K, committed 125376K, reserved 1179648K
  class space    used 16269K, committed 16576K, reserved 1048576K
}

