# JRE version: OpenJDK Runtime Environment (17.0.11) (build 17.0.11+0--11852314)
# Java VM: OpenJDK 64-Bit Server VM (17.0.11+0--11852314, mixed mode, tiered, compressed oops, compressed class ptrs, g1 gc, windows-amd64)
GC Precious Log:
 CPUs: 12 total, 12 available
 Memory: 15693M
 Large Page Support: Disabled
 NUMA Support: Disabled
 Compressed Oops: Enabled (32-bit)
 Heap Region Size: 1M
 Heap Min Capacity: 8M
 Heap Initial Capacity: 246M
 Heap Max Capacity: 2G
 Pre-touch: Disabled
 Parallel Workers: 10
 Concurrent Workers: 3
 Concurrent Refinement Workers: 10
 Periodic GC: Disabled
Heap:
 garbage-first heap   total 294912K, used 228105K [0x0000000080000000, 0x0000000100000000)
  region size 1024K, 4 young (4096K), 4 survivors (4096K)
 Metaspace       used 129006K, committed 129920K, reserved 1179648K
  class space    used 17212K, committed 17664K, reserved 1048576K
GC Heap History (20 events):
Event: 29.049 GC heap after
{Heap after GC invocations=42 (full 0):
 garbage-first heap   total 238592K, used 159894K [0x0000000080000000, 0x0000000100000000)
  region size 1024K, 4 young (4096K), 4 survivors (4096K)
 Metaspace       used 118057K, committed 118976K, reserved 1179648K
  class space    used 15789K, committed 16256K, reserved 1048576K
}
Event: 29.151 GC heap before
{Heap before GC invocations=42 (full 0):
 garbage-first heap   total 238592K, used 196758K [0x0000000080000000, 0x0000000100000000)
  region size 1024K, 41 young (41984K), 4 survivors (4096K)
 Metaspace       used 118292K, committed 119232K, reserved 1179648K
  class space    used 15799K, committed 16256K, reserved 1048576K
}
Event: 29.155 GC heap after
{Heap after GC invocations=43 (full 0):
 garbage-first heap   total 238592K, used 161436K [0x0000000080000000, 0x0000000100000000)
  region size 1024K, 3 young (3072K), 3 survivors (3072K)
 Metaspace       used 118292K, committed 119232K, reserved 1179648K
  class space    used 15799K, committed 16256K, reserved 1048576K
}
Event: 29.265 GC heap before
{Heap before GC invocations=43 (full 0):
 garbage-first heap   total 238592K, used 198300K [0x0000000080000000, 0x0000000100000000)
  region size 1024K, 40 young (40960K), 3 survivors (3072K)
 Metaspace       used 119185K, committed 120128K, reserved 1179648K
  class space    used 15892K, committed 16384K, reserved 1048576K
}
Event: 29.269 GC heap after
{Heap after GC invocations=44 (full 0):
 garbage-first heap   total 238592K, used 163870K [0x0000000080000000, 0x0000000100000000)
  region size 1024K, 5 young (5120K), 5 survivors (5120K)
 Metaspace       used 119185K, committed 120128K, reserved 1179648K
  class space    used 15892K, committed 16384K, reserved 1048576K
}
Event: 29.378 GC heap before
{Heap before GC invocations=44 (full 0):
 garbage-first heap   total 238592K, used 199710K [0x0000000080000000, 0x0000000100000000)
  region size 1024K, 41 young (41984K), 5 survivors (5120K)
 Metaspace       used 120261K, committed 121152K, reserved 1179648K
  class space    used 16019K, committed 16448K, reserved 1048576K
}
Event: 29.384 GC heap after
{Heap after GC invocations=45 (full 0):
 garbage-first heap   total 294912K, used 169316K [0x0000000080000000, 0x0000000100000000)
  region size 1024K, 6 young (6144K), 6 survivors (6144K)
 Metaspace       used 120261K, committed 121152K, reserved 1179648K
  class space    used 16019K, committed 16448K, reserved 1048576K
}
Event: 29.940 GC heap before
{Heap before GC invocations=45 (full 0):
 garbage-first heap   total 294912K, used 236900K [0x0000000080000000, 0x0000000100000000)
  region size 1024K, 73 young (74752K), 6 survivors (6144K)
 Metaspace       used 121809K, committed 122688K, reserved 1179648K
  class space    used 16194K, committed 16640K, reserved 1048576K
}
Event: 29.945 GC heap after
{Heap after GC invocations=46 (full 0):
 garbage-first heap   total 294912K, used 170143K [0x0000000080000000, 0x0000000100000000)
  region size 1024K, 6 young (6144K), 6 survivors (6144K)
 Metaspace       used 121809K, committed 122688K, reserved 1179648K
  class space    used 16194K, committed 16640K, reserved 1048576K
}
Event: 30.353 GC heap before
{Heap before GC invocations=46 (full 0):
 garbage-first heap   total 294912K, used 250015K [0x0000000080000000, 0x0000000100000000)
  region size 1024K, 74 young (75776K), 6 survivors (6144K)
 Metaspace       used 123792K, committed 124736K, reserved 1179648K
  class space    used 16423K, committed 16896K, reserved 1048576K
}
Event: 30.359 GC heap after
{Heap after GC invocations=47 (full 0):
 garbage-first heap   total 294912K, used 187549K [0x0000000080000000, 0x0000000100000000)
  region size 1024K, 9 young (9216K), 9 survivors (9216K)
 Metaspace       used 123792K, committed 124736K, reserved 1179648K
  class space    used 16423K, committed 16896K, reserved 1048576K
}
Event: 30.677 GC heap before
{Heap before GC invocations=47 (full 0):
 garbage-first heap   total 294912K, used 241821K [0x0000000080000000, 0x0000000100000000)
  region size 1024K, 63 young (64512K), 9 survivors (9216K)
 Metaspace       used 126256K, committed 127104K, reserved 1179648K
  class space    used 16785K, committed 17216K, reserved 1048576K
}
Event: 30.682 GC heap after
{Heap after GC invocations=48 (full 0):
 garbage-first heap   total 294912K, used 189744K [0x0000000080000000, 0x0000000100000000)
  region size 1024K, 5 young (5120K), 5 survivors (5120K)
 Metaspace       used 126256K, committed 127104K, reserved 1179648K
  class space    used 16785K, committed 17216K, reserved 1048576K
}
Event: 30.763 GC heap before
{Heap before GC invocations=48 (full 0):
 garbage-first heap   total 294912K, used 229680K [0x0000000080000000, 0x0000000100000000)
  region size 1024K, 21 young (21504K), 5 survivors (5120K)
 Metaspace       used 126869K, committed 127744K, reserved 1179648K
  class space    used 16881K, committed 17344K, reserved 1048576K
}
Event: 30.767 GC heap after
{Heap after GC invocations=49 (full 0):
 garbage-first heap   total 294912K, used 207474K [0x0000000080000000, 0x0000000100000000)
  region size 1024K, 8 young (8192K), 8 survivors (8192K)
 Metaspace       used 126869K, committed 127744K, reserved 1179648K
  class space    used 16881K, committed 17344K, reserved 1048576K
}
Event: 31.022 GC heap before
{Heap before GC invocations=49 (full 0):
 garbage-first heap   total 294912K, used 250482K [0x0000000080000000, 0x0000000100000000)
  region size 1024K, 48 young (49152K), 8 survivors (8192K)
 Metaspace       used 127413K, committed 128320K, reserved 1179648K
  class space    used 16972K, committed 17408K, reserved 1048576K
}
Event: 31.034 GC heap after
{Heap after GC invocations=50 (full 0):
 garbage-first heap   total 294912K, used 213769K [0x0000000080000000, 0x0000000100000000)
  region size 1024K, 6 young (6144K), 6 survivors (6144K)
 Metaspace       used 127413K, committed 128320K, reserved 1179648K
  class space    used 16972K, committed 17408K, reserved 1048576K
}
Event: 31.107 GC heap before
{Heap before GC invocations=50 (full 0):
 garbage-first heap   total 294912K, used 246537K [0x0000000080000000, 0x0000000100000000)
  region size 1024K, 39 young (39936K), 6 survivors (6144K)
 Metaspace       used 127759K, committed 128704K, reserved 1179648K
  class space    used 17028K, committed 17472K, reserved 1048576K
}
Event: 31.116 GC heap after
{Heap after GC invocations=51 (full 0):
 garbage-first heap   total 294912K, used 221792K [0x0000000080000000, 0x0000000100000000)
  region size 1024K, 5 young (5120K), 5 survivors (5120K)
 Metaspace       used 127759K, committed 128704K, reserved 1179648K
  class space    used 17028K, committed 17472K, reserved 1048576K
}
Event: 31.243 GC heap before
{Heap before GC invocations=51 (full 0):
 garbage-first heap   total 294912K, used 248416K [0x0000000080000000, 0x0000000100000000)
  region size 1024K, 31 young (31744K), 5 survivors (5120K)
 Metaspace       used 129006K, committed 129920K, reserved 1179648K
  class space    used 17212K, committed 17664K, reserved 1048576K
}

