# JRE version: OpenJDK Runtime Environment (17.0.11) (build 17.0.11+0--11852314)
# Java VM: OpenJDK 64-Bit Server VM (17.0.11+0--11852314, mixed mode, tiered, compressed oops, compressed class ptrs, g1 gc, windows-amd64)
GC Precious Log:
 CPUs: 12 total, 12 available
 Memory: 15693M
 Large Page Support: Disabled
 NUMA Support: Disabled
 Compressed Oops: Enabled (32-bit)
 Heap Region Size: 1M
 Heap Min Capacity: 8M
 Heap Initial Capacity: 246M
 Heap Max Capacity: 2G
 Pre-touch: Disabled
 Parallel Workers: 10
 Concurrent Workers: 3
 Concurrent Refinement Workers: 10
 Periodic GC: Disabled
Heap:
 garbage-first heap   total 344064K, used 286559K [0x0000000080000000, 0x0000000100000000)
  region size 1024K, 107 young (109568K), 9 survivors (9216K)
 Metaspace       used 148491K, committed 149632K, reserved 1179648K
  class space    used 20519K, committed 21056K, reserved 1048576K
GC Heap History (20 events):
Event: 2536.913 GC heap before
{Heap before GC invocations=63 (full 0):
 garbage-first heap   total 231424K, used 199160K [0x0000000080000000, 0x0000000100000000)
  region size 1024K, 24 young (24576K), 2 survivors (2048K)
 Metaspace       used 124013K, committed 125056K, reserved 1179648K
  class space    used 16540K, committed 17024K, reserved 1048576K
}
Event: 2536.916 GC heap after
{Heap after GC invocations=64 (full 0):
 garbage-first heap   total 231424K, used 179173K [0x0000000080000000, 0x0000000100000000)
  region size 1024K, 3 young (3072K), 3 survivors (3072K)
 Metaspace       used 124013K, committed 125056K, reserved 1179648K
  class space    used 16540K, committed 17024K, reserved 1048576K
}
Event: 2537.081 GC heap before
{Heap before GC invocations=64 (full 0):
 garbage-first heap   total 231424K, used 188389K [0x0000000080000000, 0x0000000100000000)
  region size 1024K, 13 young (13312K), 3 survivors (3072K)
 Metaspace       used 124061K, committed 125056K, reserved 1179648K
  class space    used 16542K, committed 17024K, reserved 1048576K
}
Event: 2537.087 GC heap after
{Heap after GC invocations=65 (full 0):
 garbage-first heap   total 231424K, used 180803K [0x0000000080000000, 0x0000000100000000)
  region size 1024K, 2 young (2048K), 2 survivors (2048K)
 Metaspace       used 124061K, committed 125056K, reserved 1179648K
  class space    used 16542K, committed 17024K, reserved 1048576K
}
Event: 2537.381 GC heap before
{Heap before GC invocations=66 (full 0):
 garbage-first heap   total 286720K, used 184899K [0x0000000080000000, 0x0000000100000000)
  region size 1024K, 21 young (21504K), 2 survivors (2048K)
 Metaspace       used 123849K, committed 125120K, reserved 1179648K
  class space    used 16473K, committed 17024K, reserved 1048576K
}
Event: 2537.386 GC heap after
{Heap after GC invocations=67 (full 0):
 garbage-first heap   total 286720K, used 168410K [0x0000000080000000, 0x0000000100000000)
  region size 1024K, 3 young (3072K), 3 survivors (3072K)
 Metaspace       used 123849K, committed 125120K, reserved 1179648K
  class space    used 16473K, committed 17024K, reserved 1048576K
}
Event: 2537.496 GC heap before
{Heap before GC invocations=67 (full 0):
 garbage-first heap   total 286720K, used 178650K [0x0000000080000000, 0x0000000100000000)
  region size 1024K, 14 young (14336K), 3 survivors (3072K)
 Metaspace       used 123918K, committed 125120K, reserved 1179648K
  class space    used 16486K, committed 17024K, reserved 1048576K
}
Event: 2537.503 GC heap after
{Heap after GC invocations=68 (full 0):
 garbage-first heap   total 286720K, used 144067K [0x0000000080000000, 0x0000000100000000)
  region size 1024K, 2 young (2048K), 2 survivors (2048K)
 Metaspace       used 123918K, committed 125120K, reserved 1179648K
  class space    used 16486K, committed 17024K, reserved 1048576K
}
Event: 2537.647 GC heap before
{Heap before GC invocations=68 (full 0):
 garbage-first heap   total 286720K, used 156355K [0x0000000080000000, 0x0000000100000000)
  region size 1024K, 14 young (14336K), 2 survivors (2048K)
 Metaspace       used 123969K, committed 125120K, reserved 1179648K
  class space    used 16492K, committed 17024K, reserved 1048576K
}
Event: 2537.659 GC heap after
{Heap after GC invocations=69 (full 0):
 garbage-first heap   total 344064K, used 128709K [0x0000000080000000, 0x0000000100000000)
  region size 1024K, 2 young (2048K), 2 survivors (2048K)
 Metaspace       used 123969K, committed 125120K, reserved 1179648K
  class space    used 16492K, committed 17024K, reserved 1048576K
}
Event: 2539.333 GC heap before
{Heap before GC invocations=69 (full 0):
 garbage-first heap   total 344064K, used 142021K [0x0000000080000000, 0x0000000100000000)
  region size 1024K, 16 young (16384K), 2 survivors (2048K)
 Metaspace       used 124016K, committed 125120K, reserved 1179648K
  class space    used 16495K, committed 17024K, reserved 1048576K
}
Event: 2539.343 GC heap after
{Heap after GC invocations=70 (full 0):
 garbage-first heap   total 344064K, used 125089K [0x0000000080000000, 0x0000000100000000)
  region size 1024K, 1 young (1024K), 1 survivors (1024K)
 Metaspace       used 124016K, committed 125120K, reserved 1179648K
  class space    used 16495K, committed 17024K, reserved 1048576K
}
Event: 3509.873 GC heap before
{Heap before GC invocations=70 (full 0):
 garbage-first heap   total 344064K, used 275617K [0x0000000080000000, 0x0000000100000000)
  region size 1024K, 149 young (152576K), 1 survivors (1024K)
 Metaspace       used 124329K, committed 125312K, reserved 1179648K
  class space    used 16499K, committed 17024K, reserved 1048576K
}
Event: 3509.879 GC heap after
{Heap after GC invocations=71 (full 0):
 garbage-first heap   total 344064K, used 128306K [0x0000000080000000, 0x0000000100000000)
  region size 1024K, 4 young (4096K), 4 survivors (4096K)
 Metaspace       used 124329K, committed 125312K, reserved 1179648K
  class space    used 16499K, committed 17024K, reserved 1048576K
}
Event: 3515.672 GC heap before
{Heap before GC invocations=71 (full 0):
 garbage-first heap   total 344064K, used 297266K [0x0000000080000000, 0x0000000100000000)
  region size 1024K, 168 young (172032K), 4 survivors (4096K)
 Metaspace       used 128855K, committed 129984K, reserved 1179648K
  class space    used 17183K, committed 17728K, reserved 1048576K
}
Event: 3515.691 GC heap after
{Heap after GC invocations=72 (full 0):
 garbage-first heap   total 344064K, used 145958K [0x0000000080000000, 0x0000000100000000)
  region size 1024K, 21 young (21504K), 21 survivors (21504K)
 Metaspace       used 128855K, committed 129984K, reserved 1179648K
  class space    used 17183K, committed 17728K, reserved 1048576K
}
Event: 3516.718 GC heap before
{Heap before GC invocations=72 (full 0):
 garbage-first heap   total 344064K, used 285222K [0x0000000080000000, 0x0000000100000000)
  region size 1024K, 156 young (159744K), 21 survivors (21504K)
 Metaspace       used 140461K, committed 141632K, reserved 1179648K
  class space    used 19173K, committed 19712K, reserved 1048576K
}
Event: 3516.736 GC heap after
{Heap after GC invocations=73 (full 0):
 garbage-first heap   total 344064K, used 151521K [0x0000000080000000, 0x0000000100000000)
  region size 1024K, 12 young (12288K), 12 survivors (12288K)
 Metaspace       used 140461K, committed 141632K, reserved 1179648K
  class space    used 19173K, committed 19712K, reserved 1048576K
}
Event: 3517.710 GC heap before
{Heap before GC invocations=73 (full 0):
 garbage-first heap   total 344064K, used 281569K [0x0000000080000000, 0x0000000100000000)
  region size 1024K, 139 young (142336K), 12 survivors (12288K)
 Metaspace       used 146318K, committed 147456K, reserved 1179648K
  class space    used 20265K, committed 20800K, reserved 1048576K
}
Event: 3517.719 GC heap after
{Heap after GC invocations=74 (full 0):
 garbage-first heap   total 344064K, used 154463K [0x0000000080000000, 0x0000000100000000)
  region size 1024K, 9 young (9216K), 9 survivors (9216K)
 Metaspace       used 146318K, committed 147456K, reserved 1179648K
  class space    used 20265K, committed 20800K, reserved 1048576K
}

